Release 14.7 - xst P.20131013 (nt64)
Copyright (c) 1995-2013 Xilinx, Inc.  All rights reserved.
--> Parameter TMPDIR set to xst/projnav.tmp


Total REAL time to Xst completion: 1.00 secs
Total CPU time to Xst completion: 0.15 secs
 
--> Parameter xsthdpdir set to xst


Total REAL time to Xst completion: 1.00 secs
Total CPU time to Xst completion: 0.15 secs
 
--> Reading design: mDivider.prj

TABLE OF CONTENTS
  1) Synthesis Options Summary
  2) HDL Compilation
  3) Design Hierarchy Analysis
  4) HDL Analysis
  5) HDL Synthesis
     5.1) HDL Synthesis Report
  6) Advanced HDL Synthesis
     6.1) Advanced HDL Synthesis Report
  7) Low Level Synthesis
  8) Partition Report
  9) Final Report
	9.1) Device utilization summary
	9.2) Partition Resource Summary
	9.3) TIMING REPORT


=========================================================================
*                      Synthesis Options Summary                        *
=========================================================================
---- Source Parameters
Input File Name                    : "mDivider.prj"
Input Format                       : mixed
Ignore Synthesis Constraint File   : NO

---- Target Parameters
Output File Name                   : "mDivider"
Output Format                      : NGC
Target Device                      : xc3s100e-5-cp132

---- Source Options
Top Module Name                    : mDivider
Automatic FSM Extraction           : YES
FSM Encoding Algorithm             : Auto
Safe Implementation                : No
FSM Style                          : LUT
RAM Extraction                     : Yes
RAM Style                          : Auto
ROM Extraction                     : Yes
Mux Style                          : Auto
Decoder Extraction                 : YES
Priority Encoder Extraction        : Yes
Shift Register Extraction          : YES
Logical Shifter Extraction         : YES
XOR Collapsing                     : YES
ROM Style                          : Auto
Mux Extraction                     : Yes
Resource Sharing                   : YES
Asynchronous To Synchronous        : NO
Multiplier Style                   : Auto
Automatic Register Balancing       : No

---- Target Options
Add IO Buffers                     : YES
Global Maximum Fanout              : 500
Add Generic Clock Buffer(BUFG)     : 24
Register Duplication               : YES
Slice Packing                      : YES
Optimize Instantiated Primitives   : NO
Use Clock Enable                   : Yes
Use Synchronous Set                : Yes
Use Synchronous Reset              : Yes
Pack IO Registers into IOBs        : Auto
Equivalent register Removal        : YES

---- General Options
Optimization Goal                  : Speed
Optimization Effort                : 1
Keep Hierarchy                     : No
Netlist Hierarchy                  : As_Optimized
RTL Output                         : Yes
Global Optimization                : AllClockNets
Read Cores                         : YES
Write Timing Constraints           : NO
Cross Clock Analysis               : NO
Hierarchy Separator                : /
Bus Delimiter                      : <>
Case Specifier                     : Maintain
Slice Utilization Ratio            : 100
BRAM Utilization Ratio             : 100
Verilog 2001                       : YES
Auto BRAM Packing                  : NO
Slice Utilization Ratio Delta      : 5

=========================================================================


=========================================================================
*                          HDL Compilation                              *
=========================================================================
Compiling verilog file "mDivider.v" in library work
Module <mDivider> compiled
No errors in compilation
Analysis of file <"mDivider.prj"> succeeded.
 

=========================================================================
*                     Design Hierarchy Analysis                         *
=========================================================================
Analyzing hierarchy for module <mDivider> in library <work>.


=========================================================================
*                            HDL Analysis                               *
=========================================================================
Analyzing top module <mDivider>.
Module <mDivider> is correct for synthesis.
 

=========================================================================
*                           HDL Synthesis                               *
=========================================================================

Performing bidirectional port resolution...

Synthesizing Unit <mDivider>.
    Related source file is "mDivider.v".
    Found 27-bit adder for signal <rCounterD$addsub0000> created at line 46.
    Found 27-bit register for signal <rCounterQ>.
    Found 1-bit register for signal <rQ>.
    Summary:
	inferred  28 D-type flip-flop(s).
	inferred   1 Adder/Subtractor(s).
Unit <mDivider> synthesized.


=========================================================================
HDL Synthesis Report

Macro Statistics
# Adders/Subtractors                                   : 1
 27-bit adder                                          : 1
# Registers                                            : 2
 1-bit register                                        : 1
 27-bit register                                       : 1

=========================================================================

=========================================================================
*                       Advanced HDL Synthesis                          *
=========================================================================


=========================================================================
Advanced HDL Synthesis Report

Macro Statistics
# Adders/Subtractors                                   : 1
 27-bit adder                                          : 1
# Registers                                            : 28
 Flip-Flops                                            : 28

=========================================================================

=========================================================================
*                         Low Level Synthesis                           *
=========================================================================

Optimizing unit <mDivider> ...

Mapping all equations...
Building and optimizing final netlist ...
Found area constraint ratio of 100 (+ 5) on block mDivider, actual ratio is 1.

Final Macro Processing ...

=========================================================================
Final Register Report

Macro Statistics
# Registers                                            : 28
 Flip-Flops                                            : 28

=========================================================================

=========================================================================
*                           Partition Report                            *
=========================================================================

Partition Implementation Status
-------------------------------

  No Partitions were found in this design.

-------------------------------

=========================================================================
*                            Final Report                               *
=========================================================================
Final Results
RTL Top Level Output File Name     : mDivider.ngr
Top Level Output File Name         : mDivider
Output Format                      : NGC
Optimization Goal                  : Speed
Keep Hierarchy                     : No

Design Statistics
# IOs                              : 2

Cell Usage :
# BELS                             : 97
#      GND                         : 1
#      INV                         : 2
#      LUT1                        : 26
#      LUT3                        : 1
#      LUT4                        : 6
#      MUXCY                       : 33
#      VCC                         : 1
#      XORCY                       : 27
# FlipFlops/Latches                : 28
#      FDE                         : 1
#      FDR                         : 27
# Clock Buffers                    : 1
#      BUFGP                       : 1
# IO Buffers                       : 1
#      OBUF                        : 1
=========================================================================

Device utilization summary:
---------------------------

Selected Device : 3s100ecp132-5 

 Number of Slices:                       19  out of    960     1%  
 Number of Slice Flip Flops:             28  out of   1920     1%  
 Number of 4 input LUTs:                 35  out of   1920     1%  
 Number of IOs:                           2
 Number of bonded IOBs:                   2  out of     83     2%  
 Number of GCLKs:                         1  out of     24     4%  

---------------------------
Partition Resource Summary:
---------------------------

  No Partitions were found in this design.

---------------------------


=========================================================================
TIMING REPORT

NOTE: THESE TIMING NUMBERS ARE ONLY A SYNTHESIS ESTIMATE.
      FOR ACCURATE TIMING INFORMATION PLEASE REFER TO THE TRACE REPORT
      GENERATED AFTER PLACE-and-ROUTE.

Clock Information:
------------------
-----------------------------------+------------------------+-------+
Clock Signal                       | Clock buffer(FF name)  | Load  |
-----------------------------------+------------------------+-------+
iClk                               | BUFGP                  | 28    |
-----------------------------------+------------------------+-------+

Asynchronous Control Signals Information:
----------------------------------------
No asynchronous control signals found in this design

Timing Summary:
---------------
Speed Grade: -5

   Minimum period: 4.475ns (Maximum Frequency: 223.476MHz)
   Minimum input arrival time before clock: No path found
   Maximum output required time after clock: 4.063ns
   Maximum combinational path delay: No path found

Timing Detail:
--------------
All values displayed in nanoseconds (ns)

=========================================================================
Timing constraint: Default period analysis for Clock 'iClk'
  Clock period: 4.475ns (frequency: 223.476MHz)
  Total number of paths / destination ports: 1135 / 56
-------------------------------------------------------------------------
Delay:               4.475ns (Levels of Logic = 8)
  Source:            rCounterQ_7 (FF)
  Destination:       rCounterQ_0 (FF)
  Source Clock:      iClk rising
  Destination Clock: iClk rising

  Data Path: rCounterQ_7 to rCounterQ_0
                                Gate     Net
    Cell:in->out      fanout   Delay   Delay  Logical Name (Net Name)
    ----------------------------------------  ------------
     FDR:C->Q              2   0.514   0.532  rCounterQ_7 (rCounterQ_7)
     LUT3:I0->O            1   0.612   0.000  rQ_cmp_eq0000_wg_lut<0> (rQ_cmp_eq0000_wg_lut<0>)
     MUXCY:S->O            1   0.404   0.000  rQ_cmp_eq0000_wg_cy<0> (rQ_cmp_eq0000_wg_cy<0>)
     MUXCY:CI->O           1   0.052   0.000  rQ_cmp_eq0000_wg_cy<1> (rQ_cmp_eq0000_wg_cy<1>)
     MUXCY:CI->O           1   0.052   0.000  rQ_cmp_eq0000_wg_cy<2> (rQ_cmp_eq0000_wg_cy<2>)
     MUXCY:CI->O           1   0.052   0.000  rQ_cmp_eq0000_wg_cy<3> (rQ_cmp_eq0000_wg_cy<3>)
     MUXCY:CI->O           1   0.052   0.000  rQ_cmp_eq0000_wg_cy<4> (rQ_cmp_eq0000_wg_cy<4>)
     MUXCY:CI->O           1   0.052   0.000  rQ_cmp_eq0000_wg_cy<5> (rQ_cmp_eq0000_wg_cy<5>)
     MUXCY:CI->O          28   0.289   1.072  rQ_cmp_eq0000_wg_cy<6> (rQ_cmp_eq0000)
     FDR:R                     0.795          rCounterQ_0
    ----------------------------------------
    Total                      4.475ns (2.871ns logic, 1.604ns route)
                                       (64.2% logic, 35.8% route)

=========================================================================
Timing constraint: Default OFFSET OUT AFTER for Clock 'iClk'
  Total number of paths / destination ports: 1 / 1
-------------------------------------------------------------------------
Offset:              4.063ns (Levels of Logic = 1)
  Source:            rQ (FF)
  Destination:       oLed (PAD)
  Source Clock:      iClk rising

  Data Path: rQ to oLed
                                Gate     Net
    Cell:in->out      fanout   Delay   Delay  Logical Name (Net Name)
    ----------------------------------------  ------------
     FDE:C->Q              2   0.514   0.380  rQ (rQ)
     OBUF:I->O                 3.169          oLed_OBUF (oLed)
    ----------------------------------------
    Total                      4.063ns (3.683ns logic, 0.380ns route)
                                       (90.6% logic, 9.4% route)

=========================================================================


Total REAL time to Xst completion: 6.00 secs
Total CPU time to Xst completion: 5.59 secs
 
--> 

Total memory usage is 292860 kilobytes

Number of errors   :    0 (   0 filtered)
Number of warnings :    0 (   0 filtered)
Number of infos    :    0 (   0 filtered)

