Release 14.7 - xst P.20131013 (nt64)
Copyright (c) 1995-2013 Xilinx, Inc.  All rights reserved.
--> Parameter TMPDIR set to xst/projnav.tmp


Total REAL time to Xst completion: 1.00 secs
Total CPU time to Xst completion: 0.22 secs
 
--> Parameter xsthdpdir set to xst


Total REAL time to Xst completion: 1.00 secs
Total CPU time to Xst completion: 0.22 secs
 
--> Reading design: LEDToggler_Top.prj

TABLE OF CONTENTS
  1) Synthesis Options Summary
  2) HDL Compilation
  3) Design Hierarchy Analysis
  4) HDL Analysis
  5) HDL Synthesis
     5.1) HDL Synthesis Report
  6) Advanced HDL Synthesis
     6.1) Advanced HDL Synthesis Report
  7) Low Level Synthesis
  8) Partition Report
  9) Final Report
	9.1) Device utilization summary
	9.2) Partition Resource Summary
	9.3) TIMING REPORT


=========================================================================
*                      Synthesis Options Summary                        *
=========================================================================
---- Source Parameters
Input File Name                    : "LEDToggler_Top.prj"
Input Format                       : mixed
Ignore Synthesis Constraint File   : NO

---- Target Parameters
Output File Name                   : "LEDToggler_Top"
Output Format                      : NGC
Target Device                      : xc3s500e-4-fg320

---- Source Options
Top Module Name                    : LEDToggler_Top
Automatic FSM Extraction           : YES
FSM Encoding Algorithm             : Auto
Safe Implementation                : No
FSM Style                          : LUT
RAM Extraction                     : Yes
RAM Style                          : Auto
ROM Extraction                     : Yes
Mux Style                          : Auto
Decoder Extraction                 : YES
Priority Encoder Extraction        : Yes
Shift Register Extraction          : YES
Logical Shifter Extraction         : YES
XOR Collapsing                     : YES
ROM Style                          : Auto
Mux Extraction                     : Yes
Resource Sharing                   : YES
Asynchronous To Synchronous        : NO
Multiplier Style                   : Auto
Automatic Register Balancing       : No

---- Target Options
Add IO Buffers                     : YES
Global Maximum Fanout              : 500
Add Generic Clock Buffer(BUFG)     : 24
Register Duplication               : YES
Slice Packing                      : YES
Optimize Instantiated Primitives   : NO
Use Clock Enable                   : Yes
Use Synchronous Set                : Yes
Use Synchronous Reset              : Yes
Pack IO Registers into IOBs        : Auto
Equivalent register Removal        : YES

---- General Options
Optimization Goal                  : Speed
Optimization Effort                : 1
Keep Hierarchy                     : No
Netlist Hierarchy                  : As_Optimized
RTL Output                         : Yes
Global Optimization                : AllClockNets
Read Cores                         : YES
Write Timing Constraints           : NO
Cross Clock Analysis               : NO
Hierarchy Separator                : /
Bus Delimiter                      : <>
Case Specifier                     : Maintain
Slice Utilization Ratio            : 100
BRAM Utilization Ratio             : 100
Verilog 2001                       : YES
Auto BRAM Packing                  : NO
Slice Utilization Ratio Delta      : 5

=========================================================================


=========================================================================
*                          HDL Compilation                              *
=========================================================================
Compiling verilog file "Src/FreqDivider.v" in library work
Compiling verilog file "Src/ButtonDriver.v" in library work
Module <FreqDivider> compiled
Compiling verilog file "Src/ButtonDebouncer.v" in library work
Module <ButtonDriver> compiled
Compiling verilog file "Src/LEDToggler_Top.v" in library work
Module <ButtonDebouncer> compiled
Module <LEDToggler_Top> compiled
No errors in compilation
Analysis of file <"LEDToggler_Top.prj"> succeeded.
 

=========================================================================
*                     Design Hierarchy Analysis                         *
=========================================================================
Analyzing hierarchy for module <LEDToggler_Top> in library <work>.

Analyzing hierarchy for module <ButtonDebouncer> in library <work>.

Analyzing hierarchy for module <FreqDivider> in library <work>.

Analyzing hierarchy for module <ButtonDriver> in library <work>.


=========================================================================
*                            HDL Analysis                               *
=========================================================================
Analyzing top module <LEDToggler_Top>.
Module <LEDToggler_Top> is correct for synthesis.
 
Analyzing module <ButtonDebouncer> in library <work>.
Module <ButtonDebouncer> is correct for synthesis.
 
Analyzing module <FreqDivider> in library <work>.
Module <FreqDivider> is correct for synthesis.
 
Analyzing module <ButtonDriver> in library <work>.
Module <ButtonDriver> is correct for synthesis.
 

=========================================================================
*                           HDL Synthesis                               *
=========================================================================

Performing bidirectional port resolution...

Synthesizing Unit <ButtonDebouncer>.
    Related source file is "Src/ButtonDebouncer.v".
    Found 2-bit register for signal <ButtonDeb_q>.
    Found 3-bit register for signal <ButtonIn_q>.
    Found 3-bit register for signal <ButtonOut_q>.
    Summary:
	inferred   8 D-type flip-flop(s).
Unit <ButtonDebouncer> synthesized.


Synthesizing Unit <FreqDivider>.
    Related source file is "Src/FreqDivider.v".
    Found 1-bit register for signal <COut_q>.
    Found 5-bit up counter for signal <FreqDivider_q>.
    Summary:
	inferred   1 Counter(s).
	inferred   1 D-type flip-flop(s).
Unit <FreqDivider> synthesized.


Synthesizing Unit <ButtonDriver>.
    Related source file is "Src/ButtonDriver.v".
    Found 1-bit register for signal <ButtonOut_q>.
    Summary:
	inferred   1 D-type flip-flop(s).
Unit <ButtonDriver> synthesized.


Synthesizing Unit <LEDToggler_Top>.
    Related source file is "Src/LEDToggler_Top.v".
Unit <LEDToggler_Top> synthesized.


=========================================================================
HDL Synthesis Report

Macro Statistics
# Counters                                             : 1
 5-bit up counter                                      : 1
# Registers                                            : 13
 1-bit register                                        : 4
 2-bit register                                        : 3
 3-bit register                                        : 6

=========================================================================

=========================================================================
*                       Advanced HDL Synthesis                          *
=========================================================================


=========================================================================
Advanced HDL Synthesis Report

Macro Statistics
# Counters                                             : 1
 5-bit up counter                                      : 1
# Registers                                            : 28
 Flip-Flops                                            : 28

=========================================================================

=========================================================================
*                         Low Level Synthesis                           *
=========================================================================

Optimizing unit <LEDToggler_Top> ...

Optimizing unit <ButtonDebouncer> ...

Mapping all equations...
Building and optimizing final netlist ...
Found area constraint ratio of 100 (+ 5) on block LEDToggler_Top, actual ratio is 0.

Final Macro Processing ...

=========================================================================
Final Register Report

Macro Statistics
# Registers                                            : 33
 Flip-Flops                                            : 33

=========================================================================

=========================================================================
*                           Partition Report                            *
=========================================================================

Partition Implementation Status
-------------------------------

  No Partitions were found in this design.

-------------------------------

=========================================================================
*                            Final Report                               *
=========================================================================
Final Results
RTL Top Level Output File Name     : LEDToggler_Top.ngr
Top Level Output File Name         : LEDToggler_Top
Output Format                      : NGC
Optimization Goal                  : Speed
Keep Hierarchy                     : No

Design Statistics
# IOs                              : 12

Cell Usage :
# BELS                             : 16
#      INV                         : 4
#      LUT2                        : 8
#      LUT3                        : 1
#      LUT4                        : 2
#      VCC                         : 1
# FlipFlops/Latches                : 33
#      FDR                         : 24
#      FDRE                        : 9
# Clock Buffers                    : 1
#      BUFGP                       : 1
# IO Buffers                       : 11
#      IBUF                        : 4
#      OBUF                        : 7
=========================================================================

Device utilization summary:
---------------------------

Selected Device : 3s500efg320-4 

 Number of Slices:                       19  out of   4656     0%  
 Number of Slice Flip Flops:             33  out of   9312     0%  
 Number of 4 input LUTs:                 15  out of   9312     0%  
 Number of IOs:                          12
 Number of bonded IOBs:                  12  out of    232     5%  
 Number of GCLKs:                         1  out of     24     4%  

---------------------------
Partition Resource Summary:
---------------------------

  No Partitions were found in this design.

---------------------------


=========================================================================
TIMING REPORT

NOTE: THESE TIMING NUMBERS ARE ONLY A SYNTHESIS ESTIMATE.
      FOR ACCURATE TIMING INFORMATION PLEASE REFER TO THE TRACE REPORT
      GENERATED AFTER PLACE-and-ROUTE.

Clock Information:
------------------
-----------------------------------+------------------------+-------+
Clock Signal                       | Clock buffer(FF name)  | Load  |
-----------------------------------+------------------------+-------+
clk                                | BUFGP                  | 33    |
-----------------------------------+------------------------+-------+

Asynchronous Control Signals Information:
----------------------------------------
No asynchronous control signals found in this design

Timing Summary:
---------------
Speed Grade: -4

   Minimum period: 3.470ns (Maximum Frequency: 288.184MHz)
   Minimum input arrival time before clock: 3.391ns
   Maximum output required time after clock: 4.310ns
   Maximum combinational path delay: No path found

Timing Detail:
--------------
All values displayed in nanoseconds (ns)

=========================================================================
Timing constraint: Default period analysis for Clock 'clk'
  Clock period: 3.470ns (frequency: 288.184MHz)
  Total number of paths / destination ports: 59 / 40
-------------------------------------------------------------------------
Delay:               3.470ns (Levels of Logic = 2)
  Source:            FreqDiv1/FreqDivider_q_0 (FF)
  Destination:       FreqDiv1/FreqDivider_q_4 (FF)
  Source Clock:      clk rising
  Destination Clock: clk rising

  Data Path: FreqDiv1/FreqDivider_q_0 to FreqDiv1/FreqDivider_q_4
                                Gate     Net
    Cell:in->out      fanout   Delay   Delay  Logical Name (Net Name)
    ----------------------------------------  ------------
     FDR:C->Q              5   0.591   0.637  FreqDiv1/FreqDivider_q_0 (FreqDiv1/FreqDivider_q_0)
     LUT4:I3->O            2   0.704   0.526  FreqDiv1/Mcount_FreqDivider_q_xor<4>121 (N02)
     LUT2:I1->O            1   0.704   0.000  FreqDiv1/Mcount_FreqDivider_q_xor<4>11 (Result<4>)
     FDR:D                     0.308          FreqDiv1/FreqDivider_q_4
    ----------------------------------------
    Total                      3.470ns (2.307ns logic, 1.163ns route)
                                       (66.5% logic, 33.5% route)

=========================================================================
Timing constraint: Default OFFSET IN BEFORE for Clock 'clk'
  Total number of paths / destination ports: 35 / 35
-------------------------------------------------------------------------
Offset:              3.391ns (Levels of Logic = 1)
  Source:            btn<0> (PAD)
  Destination:       ButtonDriver3/ButtonOut_q (FF)
  Destination Clock: clk rising

  Data Path: btn<0> to ButtonDriver3/ButtonOut_q
                                Gate     Net
    Cell:in->out      fanout   Delay   Delay  Logical Name (Net Name)
    ----------------------------------------  ------------
     IBUF:I->O            32   1.218   1.262  btn_0_IBUF (btn_0_IBUF)
     FDRE:R                    0.911          ButtonDriver3/ButtonOut_q
    ----------------------------------------
    Total                      3.391ns (2.129ns logic, 1.262ns route)
                                       (62.8% logic, 37.2% route)

=========================================================================
Timing constraint: Default OFFSET OUT AFTER for Clock 'clk'
  Total number of paths / destination ports: 3 / 3
-------------------------------------------------------------------------
Offset:              4.310ns (Levels of Logic = 1)
  Source:            ButtonDriver3/ButtonOut_q (FF)
  Destination:       Led<2> (PAD)
  Source Clock:      clk rising

  Data Path: ButtonDriver3/ButtonOut_q to Led<2>
                                Gate     Net
    Cell:in->out      fanout   Delay   Delay  Logical Name (Net Name)
    ----------------------------------------  ------------
     FDRE:C->Q             2   0.591   0.447  ButtonDriver3/ButtonOut_q (ButtonDriver3/ButtonOut_q)
     OBUF:I->O                 3.272          Led_2_OBUF (Led<2>)
    ----------------------------------------
    Total                      4.310ns (3.863ns logic, 0.447ns route)
                                       (89.6% logic, 10.4% route)

=========================================================================


Total REAL time to Xst completion: 8.00 secs
Total CPU time to Xst completion: 7.56 secs
 
--> 

Total memory usage is 289196 kilobytes

Number of errors   :    0 (   0 filtered)
Number of warnings :    0 (   0 filtered)
Number of infos    :    0 (   0 filtered)

